<?xml version="1.0" encoding="UTF-8"?>
<robot generator="Robot 7.4.1 (Python 3.14.3 on win32)" generated="2026-02-11T23:11:18.504356" rpa="false" schemaversion="5">
<suite id="s1" name="Login" source="C:\Users\Rea\Develop\FE-Mobile-Automation\login.robot">
<test id="s1-t1" name="Verify User Can Login Successfully" line="20">
<kw name="Launch App On Pixel 9">
<kw name="Open Application" owner="AppiumLibrary">
<arg>${REMOTE_URL}</arg>
<arg>platformName=${PLATFORM_NAME}</arg>
<arg>deviceName=${DEVICE_NAME}</arg>
<arg>app=${APP_PATH}</arg>
<arg>automationName=UiAutomator2</arg>
<arg>newCommandTimeout=2500</arg>
<arg>appWaitDuration=30000</arg>
<doc>Opens a new application to the given Appium server.
Capabilities of appium server, Android and iOS,
Please check https://appium.io/docs/en/2.19/guides/caps/
| *Option*            | *Man.* | *Description*     |
| remote_url          | Yes    | Appium server url |
| alias               | No     | alias             |</doc>
<status status="PASS" start="2026-02-11T23:11:18.718206" elapsed="4.737936"/>
</kw>
<status status="PASS" start="2026-02-11T23:11:18.717715" elapsed="4.738637"/>
</kw>
<kw name="Login To App">
<kw name="Wait Until Element Is Visible" owner="AppiumLibrary">
<arg>${MENU_BUTTON}</arg>
<arg>10s</arg>
<doc>Waits until the element specified by the ``locator`` is visible.</doc>
<status status="PASS" start="2026-02-11T23:11:23.457181" elapsed="1.836142"/>
</kw>
<kw name="Click Element" owner="AppiumLibrary">
<msg time="2026-02-11T23:11:25.294431" level="INFO">Clicking element 'accessibility_id=View menu'.</msg>
<arg>${MENU_BUTTON}</arg>
<doc>Clicks the element identified by ``locator``.</doc>
<status status="PASS" start="2026-02-11T23:11:25.293481" elapsed="1.121700"/>
</kw>
<kw name="Wait Until Element Is Visible" owner="AppiumLibrary">
<arg>${LOGIN_BUTTON}</arg>
<arg>10s</arg>
<doc>Waits until the element specified by the ``locator`` is visible.</doc>
<status status="PASS" start="2026-02-11T23:11:26.415325" elapsed="0.074926"/>
</kw>
<kw name="Click Element" owner="AppiumLibrary">
<msg time="2026-02-11T23:11:26.491223" level="INFO">Clicking element 'accessibility_id=Login Menu Item'.</msg>
<arg>${LOGIN_BUTTON}</arg>
<doc>Clicks the element identified by ``locator``.</doc>
<status status="PASS" start="2026-02-11T23:11:26.490395" elapsed="0.947170"/>
</kw>
<kw name="Wait Until Element Is Visible" owner="AppiumLibrary">
<msg time="2026-02-11T23:11:27.479525" level="INFO">criteria is com.saucelabs.mydemoapp.android:id/nameRL</msg>
<arg>${USERNAME_FIELD}</arg>
<arg>10s</arg>
<doc>Waits until the element specified by the ``locator`` is visible.</doc>
<status status="PASS" start="2026-02-11T23:11:27.437717" elapsed="0.041898"/>
</kw>
<kw name="Click Element" owner="AppiumLibrary">
<msg time="2026-02-11T23:11:27.480769" level="INFO">Clicking element 'id=com.saucelabs.mydemoapp.android:id/nameRL'.</msg>
<msg time="2026-02-11T23:11:27.598316" level="INFO">criteria is com.saucelabs.mydemoapp.android:id/nameRL</msg>
<arg>${USERNAME_FIELD}</arg>
<doc>Clicks the element identified by ``locator``.</doc>
<status status="PASS" start="2026-02-11T23:11:27.479747" elapsed="0.118669"/>
</kw>
<kw name="Input Text Into Current Element" owner="AppiumLibrary">
<msg time="2026-02-11T23:11:27.599450" level="INFO">Typing text 'bob@example.com' into current text field</msg>
<arg>${username}</arg>
<doc>Types the given ``text`` into the currently selected text field.</doc>
<status status="PASS" start="2026-02-11T23:11:27.598583" elapsed="1.391217"/>
</kw>
<kw name="Click Element" owner="AppiumLibrary">
<msg time="2026-02-11T23:11:28.990822" level="INFO">Clicking element 'id=com.saucelabs.mydemoapp.android:id/passwordRL'.</msg>
<msg time="2026-02-11T23:11:30.604566" level="INFO">criteria is com.saucelabs.mydemoapp.android:id/passwordRL</msg>
<arg>${PASSWORD_FIELD}</arg>
<doc>Clicks the element identified by ``locator``.</doc>
<status status="PASS" start="2026-02-11T23:11:28.989989" elapsed="1.614655"/>
</kw>
<kw name="Input Text Into Current Element" owner="AppiumLibrary">
<msg time="2026-02-11T23:11:30.605635" level="INFO">Typing text '10203040' into current text field</msg>
<arg>${password}</arg>
<doc>Types the given ``text`` into the currently selected text field.</doc>
<status status="PASS" start="2026-02-11T23:11:30.604764" elapsed="0.145332"/>
</kw>
<kw name="Click Element" owner="AppiumLibrary">
<msg time="2026-02-11T23:11:30.751065" level="INFO">Clicking element 'accessibility_id=Tap to login with given credentials'.</msg>
<arg>${submit_button}</arg>
<doc>Clicks the element identified by ``locator``.</doc>
<status status="PASS" start="2026-02-11T23:11:30.750260" elapsed="0.633116"/>
</kw>
<arg>bob@example.com</arg>
<arg>10203040</arg>
<status status="PASS" start="2026-02-11T23:11:23.456782" elapsed="7.926725"/>
</kw>
<kw name="Wait Until Page Contains" owner="AppiumLibrary">
<arg>Products</arg>
<arg>15s</arg>
<doc>Waits until the ``text`` appears on the current page.</doc>
<status status="PASS" start="2026-02-11T23:11:31.383718" elapsed="0.789972"/>
</kw>
<kw name="Close Application" owner="AppiumLibrary" type="TEARDOWN">
<doc>Closes the current application and the webdriver session.</doc>
<status status="PASS" start="2026-02-11T23:11:32.174090" elapsed="0.787088"/>
</kw>
<doc>Test the full login flow with valid credentials</doc>
<status status="PASS" start="2026-02-11T23:11:18.717148" elapsed="14.244224"/>
</test>
<status status="PASS" start="2026-02-11T23:11:18.505610" elapsed="14.456565"/>
</suite>
<statistics>
<total>
<stat pass="1" fail="0" skip="0">All Tests</stat>
</total>
<tag>
</tag>
<suite>
<stat name="Login" id="s1" pass="1" fail="0" skip="0">Login</stat>
</suite>
</statistics>
<errors>
</errors>
</robot>
